<?xml version="1.0" encoding="UTF-8"?>
<!-- Generated by org.testng.reporters.JUnitReportReporter -->
<testsuite hostname="DESKTOP-JQJ5R9C" failures="0" tests="1" name="week3.day2.chaining.GetIncident" time="9.636" errors="0" timestamp="2023-05-16T11:32:28 IST" skipped="0">
  <testcase classname="week3.day2.chaining.GetIncident" name="getIncident" time="9.636"/>
  <system-out/>
</testsuite> <!-- week3.day2.chaining.GetIncident -->
