<?xml version="1.0" encoding="UTF-8"?>
<!-- Generated by org.testng.reporters.JUnitReportReporter -->
<testsuite hostname="DESKTOP-JQJ5R9C" failures="0" tests="1" name="week3.hw.EditCR" time="4.082" errors="0" timestamp="2023-05-16T16:02:25 IST" skipped="0">
  <testcase classname="week3.hw.EditCR" name="editCR" time="4.082"/>
  <system-out/>
</testsuite> <!-- week3.hw.EditCR -->
