<?xml version="1.0" encoding="UTF-8"?>
<!-- Generated by org.testng.reporters.JUnitReportReporter -->
<testsuite hostname="DESKTOP-JQJ5R9C" failures="0" tests="1" name="week5.day2.mocking.MockUsingTemplate" time="1.124" errors="0" timestamp="2024-08-28T16:52:55 IST" skipped="0">
  <testcase classname="week5.day2.mocking.MockUsingTemplate" name="incidentCreation" time="1.124"/>
  <system-out/>
</testsuite> <!-- week5.day2.mocking.MockUsingTemplate -->
