<?xml version="1.0" encoding="UTF-8"?>
<!-- Generated by org.testng.reporters.JUnitReportReporter -->
<testsuite hostname="DESKTOP-JQJ5R9C" failures="0" tests="1" name="week3.day2.chaining.UpdateIncidentBodyasFile" time="4.480" errors="0" timestamp="2023-04-30T01:24:33 IST" skipped="0">
  <testcase classname="week3.day2.chaining.UpdateIncidentBodyasFile" name="updateIncidentWithBodyAsFile" time="4.480"/>
  <system-out/>
</testsuite> <!-- week3.day2.chaining.UpdateIncidentBodyasFile -->
