<?xml version="1.0" encoding="UTF-8"?>
<!-- Generated by org.testng.reporters.JUnitReportReporter -->
<testsuite hostname="DESKTOP-JQJ5R9C" failures="0" tests="2" name="week3.day2.chaining.DeleteIncidentVerifyRecord" time="5.290" errors="0" timestamp="2024-06-25T22:09:02 IST" skipped="0">
  <testcase classname="week3.day2.chaining.DeleteIncidentVerifyRecord" name="deleteIncident" time="2.671"/>
  <system-out/>
  <testcase classname="week3.day2.chaining.DeleteIncidentVerifyRecord" name="verifyDeleteIncident" time="2.619"/>
  <system-out/>
</testsuite> <!-- week3.day2.chaining.DeleteIncidentVerifyRecord -->
