<?xml version="1.0" encoding="UTF-8"?>
<!-- Generated by org.testng.reporters.JUnitReportReporter -->
<testsuite hostname="DESKTOP-JQJ5R9C" failures="0" tests="4" name="week3.day2.LearnAssertions" time="14.794" errors="0" timestamp="2024-06-25T19:22:52 IST" skipped="0">
  <testcase classname="week3.day2.LearnAssertions" name="AssertContains" time="5.333"/>
  <system-out/>
  <testcase classname="week3.day2.LearnAssertions" name="AssertEquals" time="3.379"/>
  <system-out/>
  <testcase classname="week3.day2.LearnAssertions" name="AssertHasItem" time="3.478"/>
  <system-out/>
  <testcase classname="week3.day2.LearnAssertions" name="simpleAssert" time="2.604"/>
  <system-out/>
</testsuite> <!-- week3.day2.LearnAssertions -->
