<?xml version="1.0" encoding="UTF-8"?>
<!-- Generated by org.testng.reporters.JUnitReportReporter -->
<testsuite hostname="DESKTOP-JQJ5R9C" failures="0" tests="1" name="week3.GetIncident" time="8.367" errors="0" timestamp="2023-04-08T10:51:44 IST" skipped="0">
  <testcase classname="week3.GetIncident" name="getIncidents" time="8.367"/>
  <system-out/>
</testsuite> <!-- week3.GetIncident -->
