<?xml version="1.0" encoding="UTF-8"?>
<!-- Generated by org.testng.reporters.JUnitReportReporter -->
<testsuite hostname="DESKTOP-JQJ5R9C" failures="0" tests="1" name="assertions.CreateIncidentAssertBody" time="5.189" errors="0" timestamp="2024-07-31T17:49:13 IST" skipped="0">
  <testcase classname="assertions.CreateIncidentAssertBody" name="createIncidentwithSys_idCategory" time="5.189"/>
  <system-out/>
</testsuite> <!-- assertions.CreateIncidentAssertBody -->
