<?xml version="1.0" encoding="UTF-8"?>
<!-- Generated by org.testng.reporters.JUnitReportReporter -->
<testsuite hostname="DESKTOP-JQJ5R9C" failures="0" tests="1" name="week5.day2.mocking.Recorder" time="5.195" errors="0" timestamp="2023-06-02T19:18:58 IST" skipped="0">
  <testcase classname="week5.day2.mocking.Recorder" name="createIncident" time="5.195"/>
  <system-out/>
</testsuite> <!-- week5.day2.mocking.Recorder -->
