<?xml version="1.0" encoding="UTF-8"?>
<!-- Generated by org.testng.reporters.JUnitReportReporter -->
<testsuite hostname="DESKTOP-JQJ5R9C" failures="0" tests="1" name="week3.day1.CreateIncidentBasedOnFiles" time="10.231" errors="0" timestamp="2023-06-02T19:42:13 IST" skipped="0">
  <testcase classname="week3.day1.CreateIncidentBasedOnFiles" name="createIncidentBasedonFile" time="10.231"/>
  <system-out/>
</testsuite> <!-- week3.day1.CreateIncidentBasedOnFiles -->
