<?xml version="1.0" encoding="UTF-8"?>
<!-- Generated by org.testng.reporters.JUnitReportReporter -->
<testsuite hostname="DESKTOP-JQJ5R9C" failures="0" tests="1" name="week3.day2.chaining.CreateIncident" time="7.876" errors="0" timestamp="2024-08-14T13:52:28 IST" skipped="0">
  <testcase classname="week3.day2.chaining.CreateIncident" name="createIncident" time="7.876"/>
  <system-out/>
</testsuite> <!-- week3.day2.chaining.CreateIncident -->
