<?xml version="1.0" encoding="UTF-8"?>
<!-- Generated by org.testng.reporters.JUnitReportReporter -->
<testsuite hostname="DESKTOP-JQJ5R9C" failures="0" tests="1" name="apiExploration.GetBodyinJSON" time="8.455" errors="0" timestamp="2024-08-12T15:13:10 IST" skipped="0">
  <testcase classname="apiExploration.GetBodyinJSON" name="getBodyasJSON" time="8.455"/>
  <system-out/>
</testsuite> <!-- apiExploration.GetBodyinJSON -->
