<?xml version="1.0" encoding="UTF-8"?>
<!-- Generated by org.testng.reporters.JUnitReportReporter -->
<testsuite hostname="DESKTOP-JQJ5R9C" failures="0" tests="2" name="runner.TestRunner" time="7.120" errors="0" timestamp="2024-09-03T16:02:07 IST" skipped="0">
  <testcase classname="runner.TestRunner" name="runScenario" time="4.530"/>
  <system-out/>
  <testcase classname="runner.TestRunner" name="runScenario" time="2.590"/>
  <system-out/>
</testsuite> <!-- runner.TestRunner -->
