<?xml version="1.0" encoding="UTF-8"?>
<!-- Generated by org.testng.reporters.JUnitReportReporter -->
<testsuite hostname="DESKTOP-JQJ5R9C" failures="0" tests="1" name="week3.day2.Logs" time="4.112" errors="0" timestamp="2024-06-25T19:23:32 IST" skipped="0">
  <testcase classname="week3.day2.Logs" name="logs" time="4.112"/>
  <system-out/>
</testsuite> <!-- week3.day2.Logs -->
