<?xml version="1.0" encoding="UTF-8"?>
<!-- Generated by org.testng.reporters.JUnitReportReporter -->
<testsuite hostname="DESKTOP-JQJ5R9C" failures="0" tests="1" name="week3.day2.TraversingWithSingle" time="5.773" errors="0" timestamp="2023-05-08T11:19:32 IST" skipped="0">
  <testcase classname="week3.day2.TraversingWithSingle" name="traverseCreateIncident" time="5.773"/>
  <system-out/>
</testsuite> <!-- week3.day2.TraversingWithSingle -->
