<?xml version="1.0" encoding="UTF-8"?>
<!-- Generated by org.testng.reporters.JUnitReportReporter -->
<testsuite hostname="DESKTOP-JQJ5R9C" failures="0" tests="1" name="apiExploration.LearnSerializationDeserialization" time="3.849" errors="0" timestamp="2024-10-16T20:02:38 IST" skipped="0">
  <testcase classname="apiExploration.LearnSerializationDeserialization" name="postIncident" time="3.849"/>
  <system-out/>
</testsuite> <!-- apiExploration.LearnSerializationDeserialization -->
