<?xml version="1.0" encoding="UTF-8"?>
<!-- Generated by org.testng.reporters.JUnitReportReporter -->
<testsuite hostname="DESKTOP-JQJ5R9C" failures="0" tests="1" name="week3.day2.chaining.CreateIncident" time="11.072" errors="0" timestamp="2023-05-24T13:59:37 IST" skipped="0">
  <testcase classname="week3.day2.chaining.CreateIncident" name="createIncident" time="11.072"/>
  <system-out/>
</testsuite> <!-- week3.day2.chaining.CreateIncident -->
