<?xml version="1.0" encoding="UTF-8"?>
<!-- Generated by org.testng.reporters.JUnitReportReporter -->
<testsuite hostname="DESKTOP-JQJ5R9C" failures="0" tests="1" name="runner.TestRunner" time="4.485" errors="0" timestamp="2024-07-15T23:04:13 IST" skipped="0">
  <testcase classname="runner.TestRunner" name="runScenario" time="4.485"/>
  <system-out/>
</testsuite> <!-- runner.TestRunner -->
