<?xml version="1.0" encoding="UTF-8"?>
<!-- Generated by org.testng.reporters.JUnitReportReporter -->
<testsuite hostname="DESKTOP-JQJ5R9C" failures="0" tests="1" name="week3.day1.CreateIncidentBasedOnFiles" time="7.437" errors="0" timestamp="2024-07-09T21:10:40 IST" skipped="0">
  <testcase classname="week3.day1.CreateIncidentBasedOnFiles" name="createIncidentBasedonFile" time="7.437"/>
  <system-out/>
</testsuite> <!-- week3.day1.CreateIncidentBasedOnFiles -->
