<?xml version="1.0" encoding="UTF-8"?>
<!-- Generated by org.testng.reporters.JUnitReportReporter -->
<testsuite hostname="DESKTOP-JQJ5R9C" failures="0" tests="1" name="apiExploration.GetBodyinJSON" time="5.101" errors="0" timestamp="2024-08-08T01:57:55 IST" skipped="0">
  <testcase classname="apiExploration.GetBodyinJSON" name="getBodyasJSON" time="5.101"/>
  <system-out/>
</testsuite> <!-- apiExploration.GetBodyinJSON -->
