<?xml version="1.0" encoding="UTF-8"?>
<!-- Generated by org.testng.reporters.JUnitReportReporter -->
<testsuite hostname="DESKTOP-JQJ5R9C" failures="0" tests="1" name="apiExploration.LearnHead" time="5.815" errors="0" timestamp="2024-08-12T15:13:57 IST" skipped="0">
  <testcase classname="apiExploration.LearnHead" name="getIncident" time="5.815"/>
  <system-out/>
</testsuite> <!-- apiExploration.LearnHead -->
