<?xml version="1.0" encoding="UTF-8"?>
<!-- Generated by org.testng.reporters.JUnitReportReporter -->
<testsuite hostname="DESKTOP-JQJ5R9C" failures="0" tests="2" name="runner.TestRunner" time="10.310" errors="0" timestamp="2024-07-25T23:11:11 IST" skipped="0">
  <testcase classname="runner.TestRunner" name="runScenario" time="3.682"/>
  <system-out/>
  <testcase classname="runner.TestRunner" name="runScenario" time="6.628"/>
  <system-out/>
</testsuite> <!-- runner.TestRunner -->
