<?xml version="1.0" encoding="UTF-8"?>
<!-- Generated by org.testng.reporters.JUnitReportReporter -->
<testsuite hostname="DESKTOP-JQJ5R9C" failures="0" tests="1" name="week3.day2.TraversingWithMany" time="8.297" errors="0" timestamp="2023-05-08T11:18:58 IST" skipped="0">
  <testcase classname="week3.day2.TraversingWithMany" name="traverseCreateIncident" time="8.297"/>
  <system-out/>
</testsuite> <!-- week3.day2.TraversingWithMany -->
