<?xml version="1.0" encoding="UTF-8"?>
<!-- Generated by org.testng.reporters.JUnitReportReporter -->
<testsuite hostname="DESKTOP-JQJ5R9C" failures="0" tests="2" name="week3.day2.chaining.DeleteIncidentVerifyRecord" time="7.480" errors="0" timestamp="2024-08-14T13:51:44 IST" skipped="0">
  <testcase classname="week3.day2.chaining.DeleteIncidentVerifyRecord" name="deleteIncident" time="4.956"/>
  <system-out/>
  <testcase classname="week3.day2.chaining.DeleteIncidentVerifyRecord" name="verifyDeleteIncident" time="2.524"/>
  <system-out/>
</testsuite> <!-- week3.day2.chaining.DeleteIncidentVerifyRecord -->
