<?xml version="1.0" encoding="UTF-8"?>
<!-- Generated by org.testng.reporters.JUnitReportReporter -->
<testsuite hostname="DESKTOP-JQJ5R9C" failures="0" tests="1" name="week3.day1.GetIncidentQueryParamsMultiple" time="8.723" errors="0" timestamp="2023-06-01T13:32:44 IST" skipped="0">
  <testcase classname="week3.day1.GetIncidentQueryParamsMultiple" name="getIncidents" time="8.723"/>
  <system-out/>
</testsuite> <!-- week3.day1.GetIncidentQueryParamsMultiple -->
