<?xml version="1.0" encoding="UTF-8"?>
<!-- Generated by org.testng.reporters.JUnitReportReporter -->
<testsuite hostname="DESKTOP-JQJ5R9C" failures="0" tests="1" name="week3.day1.GetChangeRequest" time="7.652" errors="0" timestamp="2023-04-15T22:37:33 IST" skipped="0">
  <testcase classname="week3.day1.GetChangeRequest" name="getAllChangeRequests" time="7.652"/>
  <system-out/>
</testsuite> <!-- week3.day1.GetChangeRequest -->
