<?xml version="1.0" encoding="UTF-8"?>
<!-- Generated by org.testng.reporters.JUnitReportReporter -->
<testsuite hostname="DESKTOP-JQJ5R9C" failures="0" tests="1" name="week3.day1.GetIncidentQueryParamsMultiple" time="4.563" errors="0" timestamp="2024-06-26T15:50:37 IST" skipped="0">
  <testcase classname="week3.day1.GetIncidentQueryParamsMultiple" name="getIncidents" time="4.563"/>
  <system-out/>
</testsuite> <!-- week3.day1.GetIncidentQueryParamsMultiple -->
