<?xml version="1.0" encoding="UTF-8"?>
<!-- Generated by org.testng.reporters.JUnitReportReporter -->
<testsuite hostname="DESKTOP-JQJ5R9C" failures="0" tests="1" name="week3.hw.DeleteCR" time="3.466" errors="0" timestamp="2024-08-14T13:59:40 IST" skipped="0">
  <testcase classname="week3.hw.DeleteCR" name="deleteCR" time="3.466"/>
  <system-out/>
</testsuite> <!-- week3.hw.DeleteCR -->
