<?xml version="1.0" encoding="UTF-8"?>
<!-- Generated by org.testng.reporters.JUnitReportReporter -->
<testsuite hostname="DESKTOP-JQJ5R9C" failures="0" tests="1" name="week5.day2.mocking.Recorder" time="4.691" errors="0" timestamp="2024-08-28T23:57:11 IST" skipped="0">
  <testcase classname="week5.day2.mocking.Recorder" name="createIncident" time="4.691"/>
  <system-out/>
</testsuite> <!-- week5.day2.mocking.Recorder -->
