<?xml version="1.0" encoding="UTF-8"?>
<!-- Generated by org.testng.reporters.JUnitReportReporter -->
<testsuite hostname="DESKTOP-JQJ5R9C" failures="0" tests="1" name="week3.day1.CreateIncwithSys_idCategoryHW" time="6.099" errors="0" timestamp="2023-05-29T21:50:49 IST" skipped="0">
  <testcase classname="week3.day1.CreateIncwithSys_idCategoryHW" name="createIncidentwithSys_idCategory" time="6.099"/>
  <system-out/>
</testsuite> <!-- week3.day1.CreateIncwithSys_idCategoryHW -->
