<?xml version="1.0" encoding="UTF-8"?>
<!-- Generated by org.testng.reporters.JUnitReportReporter -->
<testsuite hostname="DESKTOP-JQJ5R9C" failures="0" tests="1" name="week3.day1.CreateIncidentwithBodyasFilewithCategory" time="5.762" errors="0" timestamp="2023-04-09T10:39:19 IST" skipped="0">
  <testcase classname="week3.day1.CreateIncidentwithBodyasFilewithCategory" name="createIncidentwithBodyAsFile" time="5.762"/>
  <system-out/>
</testsuite> <!-- week3.day1.CreateIncidentwithBodyasFilewithCategory -->
