<?xml version="1.0" encoding="UTF-8"?>
<!-- Generated by org.testng.reporters.JUnitReportReporter -->
<testsuite hostname="DESKTOP-JQJ5R9C" failures="0" tests="1" name="week3.day2.chaining.DependentsOnMethods" time="4.155" errors="0" timestamp="2023-05-16T15:51:05 IST" skipped="0">
  <testcase classname="week3.day2.chaining.DependentsOnMethods" name="deleteIncident" time="4.155"/>
  <system-out/>
</testsuite> <!-- week3.day2.chaining.DependentsOnMethods -->
