<?xml version="1.0" encoding="UTF-8"?>
<!-- Generated by org.testng.reporters.JUnitReportReporter -->
<testsuite hostname="DESKTOP-JQJ5R9C" failures="0" tests="1" name="week3.GetIncidentQueryParams" time="7.009" errors="0" timestamp="2023-04-08T11:28:27 IST" skipped="0">
  <testcase classname="week3.GetIncidentQueryParams" name="getIncidents" time="7.009"/>
  <system-out/>
</testsuite> <!-- week3.GetIncidentQueryParams -->
