<?xml version="1.0" encoding="UTF-8"?>
<!-- Generated by org.testng.reporters.JUnitReportReporter -->
<testsuite hostname="DESKTOP-JQJ5R9C" failures="0" tests="1" name="week3.day2.TraversingWithMany" time="9.192" errors="0" timestamp="2023-05-29T22:10:26 IST" skipped="0">
  <testcase classname="week3.day2.TraversingWithMany" name="traverseCreateIncident" time="9.192"/>
  <system-out/>
</testsuite> <!-- week3.day2.TraversingWithMany -->
