<?xml version="1.0" encoding="UTF-8"?>
<!-- Generated by org.testng.reporters.JUnitReportReporter -->
<testsuite hostname="DESKTOP-JQJ5R9C" failures="0" tests="1" name="week3.day1.SampleTest" time="0.009" errors="0" timestamp="2024-06-21T14:04:10 IST" skipped="0">
  <testcase classname="week3.day1.SampleTest" name="testVersion" time="0.009"/>
  <system-out/>
</testsuite> <!-- week3.day1.SampleTest -->
