<?xml version="1.0" encoding="UTF-8"?>
<!-- Generated by org.testng.reporters.JUnitReportReporter -->
<testsuite hostname="DESKTOP-JQJ5R9C" failures="0" tests="1" name="apiExploration.LearnHead" time="7.325" errors="0" timestamp="2024-07-31T17:47:06 IST" skipped="0">
  <testcase classname="apiExploration.LearnHead" name="getIncident" time="7.325"/>
  <system-out/>
</testsuite> <!-- apiExploration.LearnHead -->
