<?xml version="1.0" encoding="UTF-8"?>
<!-- Generated by org.testng.reporters.JUnitReportReporter -->
<testsuite hostname="DESKTOP-JQJ5R9C" failures="0" tests="1" name="week3.day2.chaining.UpdateIncidentBodyasFile" time="3.838" errors="0" timestamp="2024-06-26T15:53:52 IST" skipped="0">
  <testcase classname="week3.day2.chaining.UpdateIncidentBodyasFile" name="updateIncidentWithBodyAsFile" time="3.838"/>
  <system-out/>
</testsuite> <!-- week3.day2.chaining.UpdateIncidentBodyasFile -->
