<?xml version="1.0" encoding="UTF-8"?>
<!-- Generated by org.testng.reporters.JUnitReportReporter -->
<testsuite hostname="DESKTOP-JQJ5R9C" failures="0" tests="1" name="week3.day2.TraversingWithSingle" time="6.416" errors="0" timestamp="2024-08-14T13:49:02 IST" skipped="0">
  <testcase classname="week3.day2.TraversingWithSingle" name="traverseCreateIncident" time="6.416"/>
  <system-out/>
</testsuite> <!-- week3.day2.TraversingWithSingle -->
