<?xml version="1.0" encoding="UTF-8"?>
<!-- Generated by org.testng.reporters.JUnitReportReporter -->
<testsuite hostname="DESKTOP-JQJ5R9C" failures="0" tests="5" name="week3.hw.CreateCR" time="18.063" errors="0" timestamp="2024-06-26T16:04:36 IST" skipped="0">
  <testcase classname="week3.hw.CreateCR" name="getCR" time="3.232"/>
  <system-out/>
  <testcase classname="week3.hw.CreateCR" name="updateCR" time="3.649"/>
  <system-out/>
  <testcase classname="week3.hw.CreateCR" name="editCR" time="3.085"/>
  <system-out/>
  <testcase classname="week3.hw.CreateCR" name="deleteCR" time="3.149"/>
  <system-out/>
  <testcase classname="week3.hw.CreateCR" name="createCR" time="4.948"/>
  <system-out/>
</testsuite> <!-- week3.hw.CreateCR -->
