<?xml version="1.0" encoding="UTF-8"?>
<!-- Generated by org.testng.reporters.JUnitReportReporter -->
<testsuite hostname="DESKTOP-JQJ5R9C" failures="0" tests="1" name="week3.day1.CreateIncidentwithoutBody" time="7.933" errors="0" timestamp="2023-04-08T23:48:47 IST" skipped="0">
  <testcase classname="week3.day1.CreateIncidentwithoutBody" name="getIncidents" time="7.933"/>
  <system-out/>
</testsuite> <!-- week3.day1.CreateIncidentwithoutBody -->
