<?xml version="1.0" encoding="UTF-8"?>
<!-- Generated by org.testng.reporters.JUnitReportReporter -->
<testsuite hostname="DESKTOP-JQJ5R9C" failures="0" tests="1" name="week3.hw.DeleteCR" time="4.364" errors="0" timestamp="2023-06-02T20:03:54 IST" skipped="0">
  <testcase classname="week3.hw.DeleteCR" name="deleteCR" time="4.364"/>
  <system-out/>
</testsuite> <!-- week3.hw.DeleteCR -->
