<?xml version="1.0" encoding="UTF-8"?>
<!-- Generated by org.testng.reporters.JUnitReportReporter -->
<testsuite hostname="DESKTOP-JQJ5R9C" failures="0" tests="2" name="runner.TestRunner" time="8.652" errors="0" timestamp="2024-07-17T00:24:51 IST" skipped="0">
  <testcase classname="runner.TestRunner" name="runScenario" time="5.938"/>
  <system-out/>
  <testcase classname="runner.TestRunner" name="runScenario" time="2.714"/>
  <system-out/>
</testsuite> <!-- runner.TestRunner -->
