<?xml version="1.0" encoding="UTF-8"?>
<!-- Generated by org.testng.reporters.JUnitReportReporter -->
<testsuite hostname="DESKTOP-JQJ5R9C" failures="0" tests="1" name="week3.day1.GetChangeRequest" time="5.184" errors="0" timestamp="2024-06-21T17:40:56 IST" skipped="0">
  <testcase classname="week3.day1.GetChangeRequest" name="getAllChangeRequests" time="5.184"/>
  <system-out/>
</testsuite> <!-- week3.day1.GetChangeRequest -->
