<?xml version="1.0" encoding="UTF-8"?>
<!-- Generated by org.testng.reporters.JUnitReportReporter -->
<testsuite hostname="DESKTOP-JQJ5R9C" failures="0" tests="1" name="week3.hw.EditCR" time="2.621" errors="0" timestamp="2024-06-25T22:51:27 IST" skipped="0">
  <testcase classname="week3.hw.EditCR" name="editCR" time="2.621"/>
  <system-out/>
</testsuite> <!-- week3.hw.EditCR -->
