<?xml version="1.0" encoding="UTF-8"?>
<!-- Generated by org.testng.reporters.JUnitReportReporter -->
<testsuite hostname="DESKTOP-JQJ5R9C" failures="0" tests="1" name="week3.day1.CreateIncidentWithRandomData" time="4.159" errors="0" timestamp="2024-07-04T21:43:19 IST" skipped="0">
  <testcase classname="week3.day1.CreateIncidentWithRandomData" name="createIncidentWithRandomData" time="4.159"/>
  <system-out/>
</testsuite> <!-- week3.day1.CreateIncidentWithRandomData -->
