<?xml version="1.0" encoding="UTF-8"?>
<!-- Generated by org.testng.reporters.JUnitReportReporter -->
<testsuite hostname="DESKTOP-JQJ5R9C" failures="0" tests="1" name="week3.day1.CreateIncidentWithRandom" time="8.542" errors="0" timestamp="2024-06-24T18:12:00 IST" skipped="0">
  <testcase classname="week3.day1.CreateIncidentWithRandom" name="createIncidentWithRandom" time="8.542"/>
  <system-out/>
</testsuite> <!-- week3.day1.CreateIncidentWithRandom -->
