<?xml version="1.0" encoding="UTF-8"?>
<!-- Generated by org.testng.reporters.JUnitReportReporter -->
<testsuite hostname="DESKTOP-JQJ5R9C" failures="0" tests="1" name="week3.day1.GetIncident" time="7.989" errors="0" timestamp="2024-07-20T10:54:39 IST" skipped="0">
  <testcase classname="week3.day1.GetIncident" name="getIncidents" time="7.989"/>
  <system-out/>
</testsuite> <!-- week3.day1.GetIncident -->
