<?xml version="1.0" encoding="UTF-8"?>
<!-- Generated by org.testng.reporters.JUnitReportReporter -->
<testsuite hostname="DESKTOP-JQJ5R9C" failures="0" tests="5" name="runner.TestRunner" time="26.372" errors="0" timestamp="2023-05-16T22:18:02 IST" skipped="0">
  <testcase classname="runner.TestRunner" name="runScenario" time="5.462"/>
  <system-out/>
  <testcase classname="runner.TestRunner" name="runScenario" time="5.047"/>
  <system-out/>
  <testcase classname="runner.TestRunner" name="runScenario" time="4.742"/>
  <system-out/>
  <testcase classname="runner.TestRunner" name="runScenario" time="6.306"/>
  <system-out/>
  <testcase classname="runner.TestRunner" name="runScenario" time="4.815"/>
  <system-out/>
</testsuite> <!-- runner.TestRunner -->
