<?xml version="1.0" encoding="UTF-8"?>
<!-- Generated by org.testng.reporters.JUnitReportReporter -->
<testsuite hostname="DESKTOP-JQJ5R9C" failures="0" tests="1" name="week3.day1.GetIncidentQueryParams" time="4.219" errors="0" timestamp="2024-06-21T14:47:07 IST" skipped="0">
  <testcase classname="week3.day1.GetIncidentQueryParams" name="getIncidents" time="4.219"/>
  <system-out/>
</testsuite> <!-- week3.day1.GetIncidentQueryParams -->
