<?xml version="1.0" encoding="UTF-8"?>
<!-- Generated by org.testng.reporters.JUnitReportReporter -->
<testsuite hostname="DESKTOP-JQJ5R9C" failures="0" tests="1" name="week3.day2.chaining.GetIncidentWithRandomNumber" time="8.485" errors="0" timestamp="2023-05-29T22:11:27 IST" skipped="0">
  <testcase classname="week3.day2.chaining.GetIncidentWithRandomNumber" name="getIncidentWithRandomNumber" time="8.485"/>
  <system-out/>
</testsuite> <!-- week3.day2.chaining.GetIncidentWithRandomNumber -->
