<?xml version="1.0" encoding="UTF-8"?>
<!-- Generated by org.testng.reporters.JUnitReportReporter -->
<testsuite hostname="DESKTOP-JQJ5R9C" failures="0" tests="1" name="week5.day2.mocking.Stub" time="2.814" errors="0" timestamp="2023-06-02T10:08:35 IST" skipped="0">
  <testcase classname="week5.day2.mocking.Stub" name="createIncident" time="2.814"/>
  <system-out/>
</testsuite> <!-- week5.day2.mocking.Stub -->
