<?xml version="1.0" encoding="UTF-8"?>
<!-- Generated by org.testng.reporters.JUnitReportReporter -->
<testsuite hostname="DESKTOP-JQJ5R9C" failures="0" tests="1" name="week3.day2.chaining.CreateIncident" time="5.051" errors="0" timestamp="2024-07-09T21:51:27 IST" skipped="0">
  <testcase classname="week3.day2.chaining.CreateIncident" name="createIncident" time="5.051"/>
  <system-out/>
</testsuite> <!-- week3.day2.chaining.CreateIncident -->
