<?xml version="1.0" encoding="UTF-8"?>
<!-- Generated by org.testng.reporters.JUnitReportReporter -->
<testsuite hostname="DESKTOP-JQJ5R9C" failures="0" tests="1" name="week3.day2.chaining.GetIncidentWithRandomNumber" time="6.146" errors="0" timestamp="2024-07-09T21:50:42 IST" skipped="0">
  <testcase classname="week3.day2.chaining.GetIncidentWithRandomNumber" name="getIncidentWithRandomNumber" time="6.146"/>
  <system-out/>
</testsuite> <!-- week3.day2.chaining.GetIncidentWithRandomNumber -->
