<?xml version="1.0" encoding="UTF-8"?>
<!-- Generated by org.testng.reporters.JUnitReportReporter -->
<testsuite hostname="DESKTOP-JQJ5R9C" failures="0" tests="2" name="week5.day2.mocking.Stub" time="0.643" errors="1" timestamp="2024-09-03T13:27:28 IST" skipped="1">
  <testcase classname="week5.day2.mocking.Stub" name="createIncident" time="0.000">
    <skipped/>
  </testcase> <!-- createIncident -->
  <system-out/>
  <testcase classname="week5.day2.mocking.Stub" name="stubIncident" time="0.643">
    <error message="Connect to http://localhost:8080 [localhost/127.0.0.1, localhost/0:0:0:0:0:0:0:1] failed: Connection refused: no further information" type="wiremock.org.apache.hc.client5.http.HttpHostConnectException">
      <![CDATA[wiremock.org.apache.hc.client5.http.HttpHostConnectException: Connect to http://localhost:8080 [localhost/127.0.0.1, localhost/0:0:0:0:0:0:0:1] failed: Connection refused: no further information
at java.base/sun.nio.ch.Net.pollConnect(Native Method)
at java.base/sun.nio.ch.Net.pollConnectNow(Net.java:669)
at java.base/sun.nio.ch.NioSocketImpl.timedFinishConnect(NioSocketImpl.java:542)
at java.base/sun.nio.ch.NioSocketImpl.connect(NioSocketImpl.java:597)
at java.base/java.net.SocksSocketImpl.connect(SocksSocketImpl.java:333)
at java.base/java.net.Socket.connect(Socket.java:645)
at wiremock.org.apache.hc.client5.http.socket.PlainConnectionSocketFactory$1.run(PlainConnectionSocketFactory.java:87)
at java.base/java.security.AccessController.doPrivileged(AccessController.java:554)
at wiremock.org.apache.hc.client5.http.socket.PlainConnectionSocketFactory.connectSocket(PlainConnectionSocketFactory.java:84)
at wiremock.org.apache.hc.client5.http.impl.io.DefaultHttpClientConnectionOperator.connect(DefaultHttpClientConnectionOperator.java:148)
at wiremock.org.apache.hc.client5.http.impl.io.PoolingHttpClientConnectionManager.connect(PoolingHttpClientConnectionManager.java:396)
at wiremock.org.apache.hc.client5.http.impl.classic.InternalExecRuntime.connectEndpoint(InternalExecRuntime.java:158)
at wiremock.org.apache.hc.client5.http.impl.classic.InternalExecRuntime.connectEndpoint(InternalExecRuntime.java:168)
at wiremock.org.apache.hc.client5.http.impl.classic.ConnectExec.execute(ConnectExec.java:136)
at wiremock.org.apache.hc.client5.http.impl.classic.ExecChainElement.execute(ExecChainElement.java:51)
at wiremock.org.apache.hc.client5.http.impl.classic.ExecChainElement$1.proceed(ExecChainElement.java:57)
at wiremock.org.apache.hc.client5.http.impl.classic.ProtocolExec.execute(ProtocolExec.java:175)
at wiremock.org.apache.hc.client5.http.impl.classic.ExecChainElement.execute(ExecChainElement.java:51)
at wiremock.org.apache.hc.client5.http.impl.classic.InternalHttpClient.doExecute(InternalHttpClient.java:170)
at wiremock.org.apache.hc.client5.http.impl.classic.CloseableHttpClient.execute(CloseableHttpClient.java:75)
at wiremock.org.apache.hc.client5.http.impl.classic.CloseableHttpClient.execute(CloseableHttpClient.java:89)
at com.github.tomakehurst.wiremock.client.HttpAdminClient.safelyExecuteRequest(HttpAdminClient.java:514)
at com.github.tomakehurst.wiremock.client.HttpAdminClient.executeRequest(HttpAdminClient.java:497)
at com.github.tomakehurst.wiremock.client.HttpAdminClient.executeRequest(HttpAdminClient.java:474)
at com.github.tomakehurst.wiremock.client.HttpAdminClient.addStubMapping(HttpAdminClient.java:146)
at com.github.tomakehurst.wiremock.client.WireMock.register(WireMock.java:418)
at com.github.tomakehurst.wiremock.client.WireMock.register(WireMock.java:413)
at com.github.tomakehurst.wiremock.client.WireMock.givenThat(WireMock.java:115)
at com.github.tomakehurst.wiremock.client.WireMock.stubFor(WireMock.java:119)
at week5.day2.mocking.Stub.stubIncident(Stub.java:20)
at java.base/jdk.internal.reflect.NativeMethodAccessorImpl.invoke0(Native Method)
at java.base/jdk.internal.reflect.NativeMethodAccessorImpl.invoke(NativeMethodAccessorImpl.java:78)
at java.base/jdk.internal.reflect.DelegatingMethodAccessorImpl.invoke(DelegatingMethodAccessorImpl.java:43)
at java.base/java.lang.reflect.Method.invoke(Method.java:567)
at org.testng.internal.MethodInvocationHelper.invokeMethod(MethodInvocationHelper.java:133)
at org.testng.internal.MethodInvocationHelper.invokeMethodConsideringTimeout(MethodInvocationHelper.java:62)
at org.testng.internal.ConfigInvoker.invokeConfigurationMethod(ConfigInvoker.java:385)
at org.testng.internal.ConfigInvoker.invokeConfigurations(ConfigInvoker.java:321)
at org.testng.internal.TestInvoker.runConfigMethods(TestInvoker.java:700)
at org.testng.internal.TestInvoker.invokeMethod(TestInvoker.java:527)
at org.testng.internal.TestInvoker.invokeTestMethod(TestInvoker.java:173)
at org.testng.internal.MethodRunner.runInSequence(MethodRunner.java:46)
at org.testng.internal.TestInvoker$MethodInvocationAgent.invoke(TestInvoker.java:824)
at org.testng.internal.TestInvoker.invokeTestMethods(TestInvoker.java:146)
at org.testng.internal.TestMethodWorker.invokeTestMethods(TestMethodWorker.java:146)
at org.testng.internal.TestMethodWorker.run(TestMethodWorker.java:128)
at java.base/java.util.ArrayList.forEach(ArrayList.java:1511)
at org.testng.TestRunner.privateRun(TestRunner.java:794)
at org.testng.TestRunner.run(TestRunner.java:596)
at org.testng.SuiteRunner.runTest(SuiteRunner.java:377)
at org.testng.SuiteRunner.runSequentially(SuiteRunner.java:371)
at org.testng.SuiteRunner.privateRun(SuiteRunner.java:332)
at org.testng.SuiteRunner.run(SuiteRunner.java:276)
at org.testng.SuiteRunnerWorker.runSuite(SuiteRunnerWorker.java:53)
at org.testng.SuiteRunnerWorker.run(SuiteRunnerWorker.java:96)
at org.testng.TestNG.runSuitesSequentially(TestNG.java:1212)
at org.testng.TestNG.runSuitesLocally(TestNG.java:1134)
at org.testng.TestNG.runSuites(TestNG.java:1063)
at org.testng.TestNG.run(TestNG.java:1031)
at org.testng.remote.AbstractRemoteTestNG.run(AbstractRemoteTestNG.java:115)
at org.testng.remote.RemoteTestNG.initAndRun(RemoteTestNG.java:251)
at org.testng.remote.RemoteTestNG.main(RemoteTestNG.java:77)
]]>
    </error>
  </testcase> <!-- stubIncident -->
  <system-out/>
</testsuite> <!-- week5.day2.mocking.Stub -->
