<?xml version="1.0" encoding="UTF-8"?>
<!-- Generated by org.testng.reporters.JUnitReportReporter -->
<testsuite hostname="DESKTOP-JQJ5R9C" failures="0" tests="1" name="week5.day2.mocking.Recorder" time="1.973" errors="0" timestamp="2023-06-01T13:21:39 IST" skipped="0">
  <testcase classname="week5.day2.mocking.Recorder" name="createIncident" time="1.973"/>
  <system-out/>
</testsuite> <!-- week5.day2.mocking.Recorder -->
