<?xml version="1.0" encoding="UTF-8"?>
<!-- Generated by org.testng.reporters.JUnitReportReporter -->
<testsuite hostname="DESKTOP-JQJ5R9C" failures="0" tests="1" name="assertions.CreateIncidentAssertBody" time="7.089" errors="0" timestamp="2024-06-26T15:42:30 IST" skipped="0">
  <testcase classname="assertions.CreateIncidentAssertBody" name="createIncidentwithSys_idCategory" time="7.089"/>
  <system-out/>
</testsuite> <!-- assertions.CreateIncidentAssertBody -->
