<?xml version="1.0" encoding="UTF-8"?>
<!-- Generated by org.testng.reporters.JUnitReportReporter -->
<testsuite hostname="DESKTOP-JQJ5R9C" failures="0" tests="1" name="week3.day2.Logs" time="5.316" errors="0" timestamp="2023-04-26T02:05:12 IST" skipped="0">
  <testcase classname="week3.day2.Logs" name="logs" time="5.316"/>
  <system-out/>
</testsuite> <!-- week3.day2.Logs -->
