<?xml version="1.0" encoding="UTF-8"?>
<!-- Generated by org.testng.reporters.JUnitReportReporter -->
<testsuite hostname="DESKTOP-JQJ5R9C" failures="0" tests="2" name="week3.day2.chaining.DeleteIncidentDependentOnGet" time="8.597" errors="0" timestamp="2023-04-30T01:03:57 IST" skipped="0">
  <testcase classname="week3.day2.chaining.DeleteIncidentDependentOnGet" name="deleteIncident" time="4.174"/>
  <system-out/>
  <testcase classname="week3.day2.chaining.DeleteIncidentDependentOnGet" name="verifyDeleteIncident" time="4.423"/>
  <system-out/>
</testsuite> <!-- week3.day2.chaining.DeleteIncidentDependentOnGet -->
