<?xml version="1.0" encoding="UTF-8"?>
<!-- Generated by org.testng.reporters.JUnitReportReporter -->
<testsuite hostname="DESKTOP-JQJ5R9C" failures="0" tests="1" name="week3.day1.HWCreateIncwithSys_idCategory" time="6.008" errors="0" timestamp="2023-04-28T16:37:45 IST" skipped="0">
  <testcase classname="week3.day1.HWCreateIncwithSys_idCategory" name="createIncidentwithSys_idCategory" time="6.008"/>
  <system-out/>
</testsuite> <!-- week3.day1.HWCreateIncwithSys_idCategory -->
