<?xml version="1.0" encoding="UTF-8"?>
<!-- Generated by org.testng.reporters.JUnitReportReporter -->
<testsuite hostname="DESKTOP-JQJ5R9C" failures="0" tests="1" name="week3.hw.DeleteCR" time="3.927" errors="0" timestamp="2023-05-16T15:04:02 IST" skipped="0">
  <testcase classname="week3.hw.DeleteCR" name="deleteCR" time="3.927"/>
  <system-out/>
</testsuite> <!-- week3.hw.DeleteCR -->
