<?xml version="1.0" encoding="UTF-8"?>
<!-- Generated by org.testng.reporters.JUnitReportReporter -->
<testsuite hostname="DESKTOP-JQJ5R9C" failures="0" tests="5" name="week3.hw.CreateCR" time="24.626" errors="0" timestamp="2023-05-16T16:20:16 IST" skipped="0">
  <testcase classname="week3.hw.CreateCR" name="updateCR" time="4.298"/>
  <system-out/>
  <testcase classname="week3.hw.CreateCR" name="createCR" time="6.129"/>
  <system-out/>
  <testcase classname="week3.hw.CreateCR" name="editCR" time="4.159"/>
  <system-out/>
  <testcase classname="week3.hw.CreateCR" name="deleteCR" time="4.026"/>
  <system-out/>
  <testcase classname="week3.hw.CreateCR" name="getCR" time="6.014"/>
  <system-out/>
</testsuite> <!-- week3.hw.CreateCR -->
