<?xml version="1.0" encoding="UTF-8"?>
<!-- Generated by org.testng.reporters.JUnitReportReporter -->
<testsuite hostname="DESKTOP-JQJ5R9C" failures="0" tests="1" name="week3.day2.IncidentPUT" time="3.667" errors="0" timestamp="2024-06-24T18:08:01 IST" skipped="0">
  <testcase classname="week3.day2.IncidentPUT" name="putincident" time="3.667"/>
  <system-out/>
</testsuite> <!-- week3.day2.IncidentPUT -->
