<?xml version="1.0" encoding="UTF-8"?>
<!-- Generated by org.testng.reporters.JUnitReportReporter -->
<testsuite hostname="DESKTOP-JQJ5R9C" failures="0" tests="5" name="week3.hw.CreateCR" time="16.157" errors="0" timestamp="2024-07-09T22:00:16 IST" skipped="0">
  <testcase classname="week3.hw.CreateCR" name="getCR" time="2.470"/>
  <system-out/>
  <testcase classname="week3.hw.CreateCR" name="updateCR" time="3.174"/>
  <system-out/>
  <testcase classname="week3.hw.CreateCR" name="editCR" time="2.625"/>
  <system-out/>
  <testcase classname="week3.hw.CreateCR" name="deleteCR" time="2.717"/>
  <system-out/>
  <testcase classname="week3.hw.CreateCR" name="createCR" time="5.171"/>
  <system-out/>
</testsuite> <!-- week3.hw.CreateCR -->
