<?xml version="1.0" encoding="UTF-8"?>
<!-- Generated by org.testng.reporters.JUnitReportReporter -->
<testsuite hostname="DESKTOP-JQJ5R9C" failures="0" tests="1" name="week3.day2.chaining.UpdateIncidentVerifyText" time="5.516" errors="0" timestamp="2023-06-01T13:31:00 IST" skipped="0">
  <testcase classname="week3.day2.chaining.UpdateIncidentVerifyText" name="updateIncVerifyText" time="5.516"/>
  <system-out/>
</testsuite> <!-- week3.day2.chaining.UpdateIncidentVerifyText -->
