<?xml version="1.0" encoding="UTF-8"?>
<!-- Generated by org.testng.reporters.JUnitReportReporter -->
<testsuite hostname="DESKTOP-JQJ5R9C" failures="0" tests="1" name="week5.day2.mocking.Stub" time="3.177" errors="0" timestamp="2023-06-01T12:47:27 IST" skipped="0">
  <testcase classname="week5.day2.mocking.Stub" name="createIncident" time="3.177"/>
  <system-out/>
</testsuite> <!-- week5.day2.mocking.Stub -->
