<?xml version="1.0" encoding="UTF-8"?>
<!-- Generated by org.testng.reporters.JUnitReportReporter -->
<testsuite hostname="DESKTOP-JQJ5R9C" failures="0" tests="1" name="week3.day1.CreateIncidentWithRandom" time="6.423" errors="0" timestamp="2023-06-02T22:26:12 IST" skipped="0">
  <testcase classname="week3.day1.CreateIncidentWithRandom" name="createIncidentWithRandom" time="6.423"/>
  <system-out/>
</testsuite> <!-- week3.day1.CreateIncidentWithRandom -->
