<?xml version="1.0" encoding="UTF-8"?>
<!-- Generated by org.testng.reporters.JUnitReportReporter -->
<testsuite hostname="DESKTOP-JQJ5R9C" failures="0" tests="1" name="week3.day1.GetIncidentsbysys_idCategory" time="5.905" errors="0" timestamp="2023-04-09T10:21:47 IST" skipped="0">
  <testcase classname="week3.day1.GetIncidentsbysys_idCategory" name="getIncidents" time="5.905"/>
  <system-out/>
</testsuite> <!-- week3.day1.GetIncidentsbysys_idCategory -->
