<?xml version="1.0" encoding="UTF-8"?>
<!-- Generated by org.testng.reporters.JUnitReportReporter -->
<testsuite hostname="DESKTOP-JQJ5R9C" failures="0" tests="1" name="week3.day1.CreateIncidentwithBodyasFile" time="6.618" errors="0" timestamp="2023-04-25T20:27:57 IST" skipped="0">
  <testcase classname="week3.day1.CreateIncidentwithBodyasFile" name="createIncidentwithBodyasFile" time="6.618"/>
  <system-out/>
</testsuite> <!-- week3.day1.CreateIncidentwithBodyasFile -->
