<?xml version="1.0" encoding="UTF-8"?>
<!-- Generated by org.testng.reporters.JUnitReportReporter -->
<testsuite hostname="DESKTOP-JQJ5R9C" failures="0" tests="1" name="week3.day2.chaining.DeleteIncident" time="3.544" errors="0" timestamp="2024-06-25T22:02:52 IST" skipped="0">
  <testcase classname="week3.day2.chaining.DeleteIncident" name="deleteIncident" time="3.544"/>
  <system-out/>
</testsuite> <!-- week3.day2.chaining.DeleteIncident -->
