<?xml version="1.0" encoding="UTF-8"?>
<!-- Generated by org.testng.reporters.JUnitReportReporter -->
<testsuite hostname="DESKTOP-JQJ5R9C" failures="0" tests="1" name="week3.hw.UpdateCR" time="4.476" errors="0" timestamp="2023-04-27T23:24:55 IST" skipped="0">
  <testcase classname="week3.hw.UpdateCR" name="updateCR" time="4.476"/>
  <system-out/>
</testsuite> <!-- week3.hw.UpdateCR -->
