<?xml version="1.0" encoding="UTF-8"?>
<!-- Generated by org.testng.reporters.JUnitReportReporter -->
<testsuite hostname="DESKTOP-JQJ5R9C" failures="0" tests="1" name="week3.day1.GetIncident" time="10.676" errors="0" timestamp="2023-05-17T16:06:02 IST" skipped="0">
  <testcase classname="week3.day1.GetIncident" name="getIncidents" time="10.676"/>
  <system-out/>
</testsuite> <!-- week3.day1.GetIncident -->
