<?xml version="1.0" encoding="UTF-8"?>
<!-- Generated by org.testng.reporters.JUnitReportReporter -->
<testsuite hostname="DESKTOP-JQJ5R9C" failures="0" tests="1" name="week5.day2.schemaValidations.SchemaValidations" time="8.855" errors="0" timestamp="2024-08-15T16:47:06 IST" skipped="0">
  <testcase classname="week5.day2.schemaValidations.SchemaValidations" name="createIncident" time="8.855"/>
  <system-out/>
</testsuite> <!-- week5.day2.schemaValidations.SchemaValidations -->
