<?xml version="1.0" encoding="UTF-8"?>
<!-- Generated by org.testng.reporters.JUnitReportReporter -->
<testsuite hostname="DESKTOP-JQJ5R9C" failures="0" tests="5" name="week3.hw.CreateCR" time="29.488" errors="0" timestamp="2023-05-30T23:24:24 IST" skipped="0">
  <testcase classname="week3.hw.CreateCR" name="updateCR" time="4.872"/>
  <system-out/>
  <testcase classname="week3.hw.CreateCR" name="getCR" time="6.083"/>
  <system-out/>
  <testcase classname="week3.hw.CreateCR" name="editCR" time="3.994"/>
  <system-out/>
  <testcase classname="week3.hw.CreateCR" name="deleteCR" time="4.165"/>
  <system-out/>
  <testcase classname="week3.hw.CreateCR" name="createCR" time="10.374"/>
  <system-out/>
</testsuite> <!-- week3.hw.CreateCR -->
