<?xml version="1.0" encoding="UTF-8"?>
<!-- Generated by org.testng.reporters.JUnitReportReporter -->
<testsuite hostname="DESKTOP-JQJ5R9C" failures="0" tests="1" name="week3.hw.GetCR" time="7.893" errors="0" timestamp="2023-05-16T15:27:02 IST" skipped="0">
  <testcase classname="week3.hw.GetCR" name="getCR" time="7.893"/>
  <system-out/>
</testsuite> <!-- week3.hw.GetCR -->
