<?xml version="1.0" encoding="UTF-8"?>
<!-- Generated by org.testng.reporters.JUnitReportReporter -->
<testsuite hostname="DESKTOP-JQJ5R9C" failures="0" tests="1" name="week3.day1.CreateIncidentwithBodyasString" time="6.718" errors="0" timestamp="2023-04-09T10:03:10 IST" skipped="0">
  <testcase classname="week3.day1.CreateIncidentwithBodyasString" name="getIncidents" time="6.718"/>
  <system-out/>
</testsuite> <!-- week3.day1.CreateIncidentwithBodyasString -->
