<?xml version="1.0" encoding="UTF-8"?>
<!-- Generated by org.testng.reporters.JUnitReportReporter -->
<testsuite skipped="0" hostname="DESKTOP-JQJ5R9C" name="runner.TestRunner" tests="2" failures="0" timestamp="2024-07-28T15:54:47 IST" time="11.004" errors="0">
  <testcase name="runScenario" time="3.942" classname="runner.TestRunner"/>
  <system-out/>
  <testcase name="runScenario" time="7.062" classname="runner.TestRunner"/>
  <system-out/>
</testsuite> <!-- runner.TestRunner -->
